<?xml version="1.0" encoding="UTF-8"?>
<!-- Generated by org.testng.reporters.JUnitXMLReporter -->
<testsuite hostname="DESKTOP-M7BC0FC" ignored="1" tests="9" failures="0" timestamp="09 жовт. 2017 07:54:44 GMT" time="0.066" errors="0">
  <testcase name="findSomeProductsTest" time="0.007" classname="BasketTest"/>
  <testcase name="findSomeProductsTest" time="0.001" classname="BasketTest"/>
  <testcase name="findTheCheapestProductTest" time="0.003" classname="BasketTest"/>
  <testcase name="findTheMostExpensiveProductTest" time="0.001" classname="BasketTest"/>
  <testcase name="getAmountOfProductsTest" time="0.002" classname="BasketTest"/>
  <testcase name="getAmountOfProductsTest" time="0.001" classname="BasketTest"/>
  <testcase name="getAmountOfProductsTest" time="0.001" classname="BasketTest"/>
  <testcase name="sortProductsByPriceNormanlTest" time="0.001" classname="BasketTest"/>
  <testcase name="sortProductsByPriceReverseTest" time="0.002" classname="BasketTest"/>
  <testcase name="removeProductTest" time="0.0" classname="BasketTest">
    <ignored/>
  </testcase> <!-- removeProductTest -->
</testsuite>
